<?xml version="1.0" encoding="UTF-8"?>
<!-- Generated by org.testng.reporters.JUnitXMLReporter -->
<testsuite hostname="welcome-PC" ignored="0" name="Test" tests="8" failures="2" timestamp="2022-09-29T22:18:02 IST" time="0.822" errors="0">
  <testcase name="demo1" time="0.317" classname="com.testng.features.Transformer_Runner">
    <skipped/>
  </testcase> <!-- demo1 -->
  <testcase name="demo1" time="0.01" classname="com.testng.features.Transformer_Runner">
    <skipped/>
  </testcase> <!-- demo1 -->
  <testcase name="demo1" time="0.009" classname="com.testng.features.Transformer_Runner">
    <skipped/>
  </testcase> <!-- demo1 -->
  <testcase name="demo1" time="0.005" classname="com.testng.features.Transformer_Runner">
    <failure type="java.lang.AssertionError" message="expected [Houston] but found [New York]">
      <![CDATA[java.lang.AssertionError: expected [Houston] but found [New York]
at com.testng.features.Transformer_Runner.demo1(Transformer_Runner.java:15)
at java.util.ArrayList.forEach(Unknown Source)
... Removed 33 stack frames]]>
    </failure>
  </testcase> <!-- demo1 -->
  <testcase name="demo2" time="0.004" classname="com.testng.features.Transformer_Runner">
    <skipped/>
  </testcase> <!-- demo2 -->
  <testcase name="demo2" time="0.005" classname="com.testng.features.Transformer_Runner">
    <skipped/>
  </testcase> <!-- demo2 -->
  <testcase name="demo2" time="0.011" classname="com.testng.features.Transformer_Runner">
    <skipped/>
  </testcase> <!-- demo2 -->
  <testcase name="demo2" time="0.011" classname="com.testng.features.Transformer_Runner">
    <failure type="java.lang.AssertionError" message="expected [Madurai] but found [Chennai]">
      <![CDATA[java.lang.AssertionError: expected [Madurai] but found [Chennai]
at com.testng.features.Transformer_Runner.demo2(Transformer_Runner.java:27)
at java.util.ArrayList.forEach(Unknown Source)
... Removed 33 stack frames]]>
    </failure>
  </testcase> <!-- demo2 -->
</testsuite> <!-- Test -->
