<?xml version="1.0" encoding="UTF-8"?>
<!-- Generated by org.testng.reporters.JUnitXMLReporter -->
<testsuite hostname="welcome-PC" ignored="0" name="Default test" tests="3" failures="0" timestamp="2022-10-03T22:29:59 IST" time="0.422" errors="0">
  <testcase name="player_Data" time="0.091" classname="com.testng.features.Data_Provider_Demo"/>
  <testcase name="player_Data" time="0.004" classname="com.testng.features.Data_Provider_Demo"/>
  <testcase name="player_Data" time="0.013" classname="com.testng.features.Data_Provider_Demo"/>
</testsuite> <!-- Default test -->
